<?xml version="1.0" encoding="UTF-8"?>
<!-- Generated by org.testng.reporters.JUnitReportReporter -->
<testsuite hostname="NODE2759" failures="0" tests="1" name="runner.TestRunner" time="6.010" errors="0" timestamp="2025-07-23T16:47:44 IST" skipped="0">
  <testcase classname="runner.TestRunner" name="runScenario" time="6.010"/>
  <system-out/>
</testsuite> <!-- runner.TestRunner -->
